<?xml version="1.0" encoding="UTF-8"?>
<!-- Generated by org.testng.reporters.JUnitXMLReporter -->
<testsuite ignored="13" hostname="PRASENJITSWIN10" failures="0" tests="0" time="0.012" errors="0" timestamp="2023-09-04T12:40:32 IST">
  <testcase classname="myar.testcases.MyarRegression" name="verifyAddRenameDeleteFolderActionsOfProductSection" time="0.0">
    <ignored/>
  </testcase> <!-- verifyAddRenameDeleteFolderActionsOfProductSection -->
  <testcase classname="myar.testcases.MyarRegression" name="verifyOnExcelImportClickingProductIdAtImportStatusOpensImportedProductInEditor" time="0.0">
    <ignored/>
  </testcase> <!-- verifyOnExcelImportClickingProductIdAtImportStatusOpensImportedProductInEditor -->
  <testcase classname="myar.testcases.MyarRegression" name="verifyAddingNewSubgroupAdminUserFunctionality" time="0.0">
    <ignored/>
  </testcase> <!-- verifyAddingNewSubgroupAdminUserFunctionality -->
  <testcase classname="myar.testcases.MyarRegression" name="verifyLoginFunctionalityWithValidCredentials" time="0.0">
    <ignored/>
  </testcase> <!-- verifyLoginFunctionalityWithValidCredentials -->
  <testcase classname="myar.testcases.MyarRegression" name="verifyBilledTargetsForTrustedPartnersDisplayed" time="0.0">
    <ignored/>
  </testcase> <!-- verifyBilledTargetsForTrustedPartnersDisplayed -->
  <testcase classname="myar.testcases.MyarRegression" name="verifyAddingNewUserAdminUserFunctionality" time="0.0">
    <ignored/>
  </testcase> <!-- verifyAddingNewUserAdminUserFunctionality -->
  <testcase classname="myar.testcases.MyarRegression" name="verifyChangingRGB_ValuesChangesBackgroundColorOfEditor" time="0.0">
    <ignored/>
  </testcase> <!-- verifyChangingRGB_ValuesChangesBackgroundColorOfEditor -->
  <testcase classname="myar.testcases.MyarRegression" name="verifyAddRenameDeleteFolderActionsOfMediaSection" time="0.0">
    <ignored/>
  </testcase> <!-- verifyAddRenameDeleteFolderActionsOfMediaSection -->
  <testcase classname="myar.testcases.MyarRegression" name="verifyChangingHSL_ValuesChangesBackgroundColorOfEditor" time="0.0">
    <ignored/>
  </testcase> <!-- verifyChangingHSL_ValuesChangesBackgroundColorOfEditor -->
  <testcase classname="myar.testcases.MyarRegression" name="verifyManageAPI_KeyFunctionality" time="0.0">
    <ignored/>
  </testcase> <!-- verifyManageAPI_KeyFunctionality -->
  <testcase classname="myar.testcases.MyarRegression" name="verifyResetPasswordFunctionality" time="0.0">
    <ignored/>
  </testcase> <!-- verifyResetPasswordFunctionality -->
  <testcase classname="myar.testcases.MyarRegression" name="verifyStandardProductCreationUsingProductNameThroughExcelImport" time="0.0">
    <ignored/>
  </testcase> <!-- verifyStandardProductCreationUsingProductNameThroughExcelImport -->
  <testcase classname="myar.testcases.MyarRegression" name="verifyChangeEmailAddressFunctionality" time="0.0">
    <ignored/>
  </testcase> <!-- verifyChangeEmailAddressFunctionality -->
</testsuite>
